Traceback (most recent call last):
  File "C:\Users\tbeucler\.conda\envs\JB\lib\site-packages\jupyter_cache\executors\utils.py", line 58, in single_nb_execution
    executenb(
  File "C:\Users\tbeucler\.conda\envs\JB\lib\site-packages\nbclient\client.py", line 1305, in execute
    return NotebookClient(nb=nb, resources=resources, km=km, **kwargs).execute()
  File "C:\Users\tbeucler\.conda\envs\JB\lib\site-packages\jupyter_core\utils\__init__.py", line 166, in wrapped
    return loop.run_until_complete(inner)
  File "C:\Users\tbeucler\.conda\envs\JB\lib\asyncio\base_events.py", line 647, in run_until_complete
    return future.result()
  File "C:\Users\tbeucler\.conda\envs\JB\lib\site-packages\nbclient\client.py", line 705, in async_execute
    await self.async_execute_cell(
  File "C:\Users\tbeucler\.conda\envs\JB\lib\site-packages\nbclient\client.py", line 1058, in async_execute_cell
    await self._check_raise_for_error(cell, cell_index, exec_reply)
  File "C:\Users\tbeucler\.conda\envs\JB\lib\site-packages\nbclient\client.py", line 914, in _check_raise_for_error
    raise CellExecutionError.from_cell_and_msg(cell, exec_reply_content)
nbclient.exceptions.CellExecutionError: An error occurred while executing the following cell:
------------------
# We'll need to load the data from the UNIL sharepoint using pooch, so let's
# import the library
import pooch
import numpy as np
import matplotlib.pyplot as plt

# In order to keep our code concise and readable, we'll use a variable that
# stores the common part of the URL where the data is hosted. Then, we'll store
# the full URL for each file in its own variable
base_url = 'https://unils-my.sharepoint.com/:u:/g/personal/tom_beucler_unil_ch/'
lon_url =  f'{base_url}EQtSkmHdXlZAuZcDljeHXuMBIVGfXP4lkR56RX6vuCDh1Q?download=1'
lat_url =  f'{base_url}EbMAwn26etZPjxw4F3akRt8BmPef3PMQPn751e6tF0Xi-Q?download=1'
temp_url = f'{base_url}EfUOMGrJNtVMgJUtfP9137sB9d64M_osBRPa0iQRSCHKGg?download=1'

# Let's go ahead and cache each file
lon_filename  = pooch.retrieve(lon_url,
                               known_hash='eaf54b88dd89279d3034da17fe8470dc2c841bf9fa89b2aa741dacff9c326cdb'
                               )

lat_filename  = pooch.retrieve(lat_url,
                               known_hash='af1f438080460e1fca4583b2ec19b44285a3d3776e4d21b8da9b6e162906c88a'
                               )
temp_filename = pooch.retrieve(temp_url,
                               known_hash='e040ca257334708b43e86398e09a5669fcf051179ecf5dcd278f758d67beed20'
                               )

# And then load each file into a numpy array. You can now use these variables
# to continue with the exercise :)
lon = np.load(lon_filename)
lat = np.load(lat_filename)
temp = np.load(temp_filename)
------------------


[1;31m---------------------------------------------------------------------------[0m
[1;31mModuleNotFoundError[0m                       Traceback (most recent call last)
Cell [1;32mIn[1], line 3[0m
[0;32m      1[0m [38;5;66;03m# We'll need to load the data from the UNIL sharepoint using pooch, so let's[39;00m
[0;32m      2[0m [38;5;66;03m# import the library[39;00m
[1;32m----> 3[0m [38;5;28;01mimport[39;00m [38;5;21;01mpooch[39;00m
[0;32m      4[0m [38;5;28;01mimport[39;00m [38;5;21;01mnumpy[39;00m [38;5;28;01mas[39;00m [38;5;21;01mnp[39;00m
[0;32m      5[0m [38;5;28;01mimport[39;00m [38;5;21;01mmatplotlib[39;00m[38;5;21;01m.[39;00m[38;5;21;01mpyplot[39;00m [38;5;28;01mas[39;00m [38;5;21;01mplt[39;00m

[1;31mModuleNotFoundError[0m: No module named 'pooch'

