Traceback (most recent call last):
  File "C:\Users\tbeucler\.conda\envs\JB\lib\site-packages\jupyter_cache\executors\utils.py", line 58, in single_nb_execution
    executenb(
  File "C:\Users\tbeucler\.conda\envs\JB\lib\site-packages\nbclient\client.py", line 1305, in execute
    return NotebookClient(nb=nb, resources=resources, km=km, **kwargs).execute()
  File "C:\Users\tbeucler\.conda\envs\JB\lib\site-packages\jupyter_core\utils\__init__.py", line 166, in wrapped
    return loop.run_until_complete(inner)
  File "C:\Users\tbeucler\.conda\envs\JB\lib\asyncio\base_events.py", line 647, in run_until_complete
    return future.result()
  File "C:\Users\tbeucler\.conda\envs\JB\lib\site-packages\nbclient\client.py", line 705, in async_execute
    await self.async_execute_cell(
  File "C:\Users\tbeucler\.conda\envs\JB\lib\site-packages\nbclient\client.py", line 1058, in async_execute_cell
    await self._check_raise_for_error(cell, cell_index, exec_reply)
  File "C:\Users\tbeucler\.conda\envs\JB\lib\site-packages\nbclient\client.py", line 914, in _check_raise_for_error
    raise CellExecutionError.from_cell_and_msg(cell, exec_reply_content)
nbclient.exceptions.CellExecutionError: An error occurred while executing the following cell:
------------------
fig, ax = plt.subplots(figsize=(12,4), ncols=2)
ax[0].imshow(f)
ax[1].imshow(f, origin='bottom')
------------------


[1;31m---------------------------------------------------------------------------[0m
[1;31mValueError[0m                                Traceback (most recent call last)
Cell [1;32mIn[34], line 3[0m
[0;32m      1[0m fig, ax [38;5;241m=[39m plt[38;5;241m.[39msubplots(figsize[38;5;241m=[39m([38;5;241m12[39m,[38;5;241m4[39m), ncols[38;5;241m=[39m[38;5;241m2[39m)
[0;32m      2[0m ax[[38;5;241m0[39m][38;5;241m.[39mimshow(f)
[1;32m----> 3[0m [43max[49m[43m[[49m[38;5;241;43m1[39;49m[43m][49m[38;5;241;43m.[39;49m[43mimshow[49m[43m([49m[43mf[49m[43m,[49m[43m [49m[43morigin[49m[38;5;241;43m=[39;49m[38;5;124;43m'[39;49m[38;5;124;43mbottom[39;49m[38;5;124;43m'[39;49m[43m)[49m

File [1;32m~\.conda\envs\JB\lib\site-packages\matplotlib\__init__.py:1475[0m, in [0;36m_preprocess_data.<locals>.inner[1;34m(ax, data, *args, **kwargs)[0m
[0;32m   1472[0m [38;5;129m@functools[39m[38;5;241m.[39mwraps(func)
[0;32m   1473[0m [38;5;28;01mdef[39;00m [38;5;21minner[39m(ax, [38;5;241m*[39margs, data[38;5;241m=[39m[38;5;28;01mNone[39;00m, [38;5;241m*[39m[38;5;241m*[39mkwargs):
[0;32m   1474[0m     [38;5;28;01mif[39;00m data [38;5;129;01mis[39;00m [38;5;28;01mNone[39;00m:
[1;32m-> 1475[0m         [38;5;28;01mreturn[39;00m func(ax, [38;5;241m*[39m[38;5;28mmap[39m(sanitize_sequence, args), [38;5;241m*[39m[38;5;241m*[39mkwargs)
[0;32m   1477[0m     bound [38;5;241m=[39m new_sig[38;5;241m.[39mbind(ax, [38;5;241m*[39margs, [38;5;241m*[39m[38;5;241m*[39mkwargs)
[0;32m   1478[0m     auto_label [38;5;241m=[39m (bound[38;5;241m.[39marguments[38;5;241m.[39mget(label_namer)
[0;32m   1479[0m                   [38;5;129;01mor[39;00m bound[38;5;241m.[39mkwargs[38;5;241m.[39mget(label_namer))

File [1;32m~\.conda\envs\JB\lib\site-packages\matplotlib\axes\_axes.py:5656[0m, in [0;36mAxes.imshow[1;34m(self, X, cmap, norm, aspect, interpolation, alpha, vmin, vmax, origin, extent, interpolation_stage, filternorm, filterrad, resample, url, **kwargs)[0m
[0;32m   5654[0m     aspect [38;5;241m=[39m mpl[38;5;241m.[39mrcParams[[38;5;124m'[39m[38;5;124mimage.aspect[39m[38;5;124m'[39m]
[0;32m   5655[0m [38;5;28mself[39m[38;5;241m.[39mset_aspect(aspect)
[1;32m-> 5656[0m im [38;5;241m=[39m mimage[38;5;241m.[39mAxesImage([38;5;28mself[39m, cmap[38;5;241m=[39mcmap, norm[38;5;241m=[39mnorm,
[0;32m   5657[0m                       interpolation[38;5;241m=[39minterpolation, origin[38;5;241m=[39morigin,
[0;32m   5658[0m                       extent[38;5;241m=[39mextent, filternorm[38;5;241m=[39mfilternorm,
[0;32m   5659[0m                       filterrad[38;5;241m=[39mfilterrad, resample[38;5;241m=[39mresample,
[0;32m   5660[0m                       interpolation_stage[38;5;241m=[39minterpolation_stage,
[0;32m   5661[0m                       [38;5;241m*[39m[38;5;241m*[39mkwargs)
[0;32m   5663[0m im[38;5;241m.[39mset_data(X)
[0;32m   5664[0m im[38;5;241m.[39mset_alpha(alpha)

File [1;32m~\.conda\envs\JB\lib\site-packages\matplotlib\_api\deprecation.py:454[0m, in [0;36mmake_keyword_only.<locals>.wrapper[1;34m(*args, **kwargs)[0m
[0;32m    448[0m [38;5;28;01mif[39;00m [38;5;28mlen[39m(args) [38;5;241m>[39m name_idx:
[0;32m    449[0m     warn_deprecated(
[0;32m    450[0m         since, message[38;5;241m=[39m[38;5;124m"[39m[38;5;124mPassing the [39m[38;5;132;01m%(name)s[39;00m[38;5;124m [39m[38;5;132;01m%(obj_type)s[39;00m[38;5;124m [39m[38;5;124m"[39m
[0;32m    451[0m         [38;5;124m"[39m[38;5;124mpositionally is deprecated since Matplotlib [39m[38;5;132;01m%(since)s[39;00m[38;5;124m; the [39m[38;5;124m"[39m
[0;32m    452[0m         [38;5;124m"[39m[38;5;124mparameter will become keyword-only [39m[38;5;132;01m%(removal)s[39;00m[38;5;124m.[39m[38;5;124m"[39m,
[0;32m    453[0m         name[38;5;241m=[39mname, obj_type[38;5;241m=[39m[38;5;124mf[39m[38;5;124m"[39m[38;5;124mparameter of [39m[38;5;132;01m{[39;00mfunc[38;5;241m.[39m[38;5;18m__name__[39m[38;5;132;01m}[39;00m[38;5;124m()[39m[38;5;124m"[39m)
[1;32m--> 454[0m [38;5;28;01mreturn[39;00m func([38;5;241m*[39margs, [38;5;241m*[39m[38;5;241m*[39mkwargs)

File [1;32m~\.conda\envs\JB\lib\site-packages\matplotlib\image.py:922[0m, in [0;36mAxesImage.__init__[1;34m(self, ax, cmap, norm, interpolation, origin, extent, filternorm, filterrad, resample, interpolation_stage, **kwargs)[0m
[0;32m    905[0m [38;5;129m@_api[39m[38;5;241m.[39mmake_keyword_only([38;5;124m"[39m[38;5;124m3.6[39m[38;5;124m"[39m, name[38;5;241m=[39m[38;5;124m"[39m[38;5;124mcmap[39m[38;5;124m"[39m)
[0;32m    906[0m [38;5;28;01mdef[39;00m [38;5;21m__init__[39m([38;5;28mself[39m, ax,
[0;32m    907[0m              cmap[38;5;241m=[39m[38;5;28;01mNone[39;00m,
[1;32m   (...)[0m
[0;32m    917[0m              [38;5;241m*[39m[38;5;241m*[39mkwargs
[0;32m    918[0m              ):
[0;32m    920[0m     [38;5;28mself[39m[38;5;241m.[39m_extent [38;5;241m=[39m extent
[1;32m--> 922[0m     [38;5;28msuper[39m()[38;5;241m.[39m[38;5;21m__init__[39m(
[0;32m    923[0m         ax,
[0;32m    924[0m         cmap[38;5;241m=[39mcmap,
[0;32m    925[0m         norm[38;5;241m=[39mnorm,
[0;32m    926[0m         interpolation[38;5;241m=[39minterpolation,
[0;32m    927[0m         origin[38;5;241m=[39morigin,
[0;32m    928[0m         filternorm[38;5;241m=[39mfilternorm,
[0;32m    929[0m         filterrad[38;5;241m=[39mfilterrad,
[0;32m    930[0m         resample[38;5;241m=[39mresample,
[0;32m    931[0m         interpolation_stage[38;5;241m=[39minterpolation_stage,
[0;32m    932[0m         [38;5;241m*[39m[38;5;241m*[39mkwargs
[0;32m    933[0m     )

File [1;32m~\.conda\envs\JB\lib\site-packages\matplotlib\image.py:263[0m, in [0;36m_ImageBase.__init__[1;34m(self, ax, cmap, norm, interpolation, origin, filternorm, filterrad, resample, interpolation_stage, **kwargs)[0m
[0;32m    261[0m [38;5;28;01mif[39;00m origin [38;5;129;01mis[39;00m [38;5;28;01mNone[39;00m:
[0;32m    262[0m     origin [38;5;241m=[39m mpl[38;5;241m.[39mrcParams[[38;5;124m'[39m[38;5;124mimage.origin[39m[38;5;124m'[39m]
[1;32m--> 263[0m [43m_api[49m[38;5;241;43m.[39;49m[43mcheck_in_list[49m[43m([49m[43m[[49m[38;5;124;43m"[39;49m[38;5;124;43mupper[39;49m[38;5;124;43m"[39;49m[43m,[49m[43m [49m[38;5;124;43m"[39;49m[38;5;124;43mlower[39;49m[38;5;124;43m"[39;49m[43m][49m[43m,[49m[43m [49m[43morigin[49m[38;5;241;43m=[39;49m[43morigin[49m[43m)[49m
[0;32m    264[0m [38;5;28mself[39m[38;5;241m.[39morigin [38;5;241m=[39m origin
[0;32m    265[0m [38;5;28mself[39m[38;5;241m.[39mset_filternorm(filternorm)

File [1;32m~\.conda\envs\JB\lib\site-packages\matplotlib\_api\__init__.py:131[0m, in [0;36mcheck_in_list[1;34m(_values, _print_supported_values, **kwargs)[0m
[0;32m    129[0m [38;5;28;01mif[39;00m _print_supported_values:
[0;32m    130[0m     msg [38;5;241m+[39m[38;5;241m=[39m [38;5;124mf[39m[38;5;124m"[39m[38;5;124m; supported values are [39m[38;5;132;01m{[39;00m[38;5;124m'[39m[38;5;124m, [39m[38;5;124m'[39m[38;5;241m.[39mjoin([38;5;28mmap[39m([38;5;28mrepr[39m,[38;5;250m [39mvalues))[38;5;132;01m}[39;00m[38;5;124m"[39m
[1;32m--> 131[0m [38;5;28;01mraise[39;00m [38;5;167;01mValueError[39;00m(msg)

[1;31mValueError[0m: 'bottom' is not a valid value for origin; supported values are 'upper', 'lower'

